<?xml version="1.0" encoding="UTF-8"?>
<!-- Generated by org.testng.reporters.JUnitReportReporter -->
<testsuite skipped="0" hostname="Lenovo" name="com.TestClass.SecondProgramTest" tests="2" failures="0" timestamp="25 Mar 2019 15:15:30 GMT" time="22.868" errors="0">
  <testcase name="googleTest" time="13.265" classname="com.TestClass.SecondProgramTest"/>
  <testcase name="FaceBookTest" time="9.603" classname="com.TestClass.SecondProgramTest"/>
</testsuite> <!-- com.TestClass.SecondProgramTest -->
