<?xml version="1.0" encoding="UTF-8"?>
<!-- Generated by org.testng.reporters.JUnitReportReporter -->
<testsuite hostname="Lenovo" name="Maven.Maven1.MyFirstProgram" tests="1" failures="0" timestamp="20 Mar 2019 17:33:49 GMT" time="38.794" errors="0">
  <testcase name="TestMethod" time="38.794" classname="Maven.Maven1.MyFirstProgram"/>
</testsuite> <!-- Maven.Maven1.MyFirstProgram -->
