<?xml version="1.0" encoding="UTF-8"?>
<!-- Generated by org.testng.reporters.JUnitReportReporter -->
<testsuite skipped="0" hostname="Lenovo" name="Maven.Maven1.MyFirstProgram" tests="1" failures="0" timestamp="21 Mar 2019 17:19:11 GMT" time="32.697" errors="0">
  <testcase name="TestMethod" time="32.697" classname="Maven.Maven1.MyFirstProgram"/>
</testsuite> <!-- Maven.Maven1.MyFirstProgram -->
