<?xml version="1.0" encoding="UTF-8"?>
<!-- Generated by org.testng.reporters.JUnitReportReporter -->
<testsuite hostname="Lenovo" name="com.TestClass.SecondProgramTest" tests="1" failures="0" timestamp="23 Mar 2019 15:39:40 GMT" time="18.912" errors="0">
  <testcase name="googleTest" time="18.912" classname="com.TestClass.SecondProgramTest"/>
</testsuite> <!-- com.TestClass.SecondProgramTest -->
