<?xml version="1.0" encoding="UTF-8"?>
<!-- Generated by org.testng.reporters.JUnitReportReporter -->
<testsuite hostname="Lenovo" name="com.TestClass.SecondProgramTest" tests="2" failures="0" timestamp="25 Mar 2019 15:13:24 GMT" time="31.589" errors="0">
  <testcase name="FaceBookTest" time="10.050" classname="com.TestClass.SecondProgramTest"/>
  <testcase name="googleTest" time="21.539" classname="com.TestClass.SecondProgramTest"/>
</testsuite> <!-- com.TestClass.SecondProgramTest -->
