<?xml version="1.0" encoding="UTF-8"?>
<!-- Generated by org.testng.reporters.JUnitReportReporter -->
<testsuite hostname="Lenovo" name="com.TestClass.MyFirstProgramTest" tests="1" failures="0" timestamp="22 Mar 2019 19:02:59 GMT" time="46.686" errors="0">
  <testcase name="TestMethod" time="46.686" classname="com.TestClass.MyFirstProgramTest"/>
</testsuite> <!-- com.TestClass.MyFirstProgramTest -->
